Using pre-set license
Built from '2020.3/staging' branch; Version is '2020.3.41f1 (7c19dc9acfda) revision 8133084'; Using compiler version '192528614'; Build Type 'Release'
OS: 'Windows 11  (10.0.22621) 64bit Core' Language: 'en' Physical Memory: 16146 MB
BatchMode: 1, IsHumanControllingUs: 0, StartBugReporterOnCrash: 0, Is64bit: 1, IsPro: 0

COMMAND LINE ARGUMENTS:
C:\Program Files\Unity\Hub\Editor\2020.3.41f1\Editor\Unity.exe
-adb2
-batchMode
-noUpm
-name
AssetImportWorker0
-projectPath
C:/Users/Hritik Trivedi/OneDrive - purdue.edu/Desktop/Unity Projects/BossFightProMaxUltra_Workinman/Boss Fight Pro Max Ultra Plus (Workinman Project)
-logFile
Logs/AssetImportWorker0.log
-srvPort
57077
Successfully changed project path to: C:/Users/Hritik Trivedi/OneDrive - purdue.edu/Desktop/Unity Projects/BossFightProMaxUltra_Workinman/Boss Fight Pro Max Ultra Plus (Workinman Project)
C:/Users/Hritik Trivedi/OneDrive - purdue.edu/Desktop/Unity Projects/BossFightProMaxUltra_Workinman/Boss Fight Pro Max Ultra Plus (Workinman Project)
Using Asset Import Pipeline V2.
Refreshing native plugins compatible for Editor in 35.70 ms, found 2 plugins.
Preloading 0 native plugins for Editor in 0.00 ms.
Initialize engine version: 2020.3.41f1 (7c19dc9acfda)
[Subsystems] Discovering subsystems at path C:/Program Files/Unity/Hub/Editor/2020.3.41f1/Editor/Data/Resources/UnitySubsystems
[Subsystems] Discovering subsystems at path C:/Users/Hritik Trivedi/OneDrive - purdue.edu/Desktop/Unity Projects/BossFightProMaxUltra_Workinman/Boss Fight Pro Max Ultra Plus (Workinman Project)/Assets
GfxDevice: creating device client; threaded=0
Direct3D:
    Version:  Direct3D 11.0 [level 11.1]
    Renderer: NVIDIA GeForce RTX 3070 Laptop GPU (ID=0x24dd)
    Vendor:   
    VRAM:     8033 MB
Initialize mono
Mono path[0] = 'C:/Program Files/Unity/Hub/Editor/2020.3.41f1/Editor/Data/Managed'
Mono path[1] = 'C:/Program Files/Unity/Hub/Editor/2020.3.41f1/Editor/Data/MonoBleedingEdge/lib/mono/unityjit'
Mono config path = 'C:/Program Files/Unity/Hub/Editor/2020.3.41f1/Editor/Data/MonoBleedingEdge/etc'
Using monoOptions --debugger-agent=transport=dt_socket,embedding=1,server=y,suspend=n,address=127.0.0.1:56648
Begin MonoManager ReloadAssembly
Registering precompiled unity dll's ...
Register platform support module: C:/Program Files/Unity/Hub/Editor/2020.3.41f1/Editor/Data/PlaybackEngines/WebGLSupport/UnityEditor.WebGL.Extensions.dll
Register platform support module: C:/Program Files/Unity/Hub/Editor/2020.3.41f1/Editor/Data/PlaybackEngines/WindowsStandaloneSupport/UnityEditor.WindowsStandalone.Extensions.dll
Registered in 0.003773 seconds.
Native extension for WindowsStandalone target not found
Native extension for WebGL target not found
Refreshing native plugins compatible for Editor in 33.69 ms, found 2 plugins.
Preloading 0 native plugins for Editor in 0.00 ms.
Mono: successfully reloaded assembly
- Completed reload, in  0.627 seconds
Domain Reload Profiling:
	ReloadAssembly (628ms)
		BeginReloadAssembly (80ms)
			ExecutionOrderSort (0ms)
			DisableScriptedObjects (0ms)
			BackupInstance (0ms)
			ReleaseScriptingObjects (0ms)
			CreateAndSetChildDomain (1ms)
		EndReloadAssembly (468ms)
			LoadAssemblies (77ms)
			RebuildTransferFunctionScriptingTraits (0ms)
			SetupTypeCache (148ms)
			ReleaseScriptCaches (0ms)
			RebuildScriptCaches (31ms)
			SetupLoadedEditorAssemblies (169ms)
				LogAssemblyErrors (0ms)
				InitializePlatformSupportModulesInManaged (5ms)
				SetLoadedEditorAssemblies (0ms)
				RefreshPlugins (34ms)
				BeforeProcessingInitializeOnLoad (17ms)
				ProcessInitializeOnLoadAttributes (85ms)
				ProcessInitializeOnLoadMethodAttributes (28ms)
				AfterProcessingInitializeOnLoad (0ms)
				EditorAssembliesLoaded (0ms)
			ExecutionOrderSort2 (0ms)
			AwakeInstancesAfterBackupRestoration (0ms)
Platform modules already initialized, skipping
Registering precompiled user dll's ...
Registered in 0.003998 seconds.
Begin MonoManager ReloadAssembly
Native extension for WindowsStandalone target not found
Native extension for WebGL target not found
Refreshing native plugins compatible for Editor in 0.36 ms, found 2 plugins.
Preloading 0 native plugins for Editor in 0.00 ms.
Mono: successfully reloaded assembly
- Completed reload, in  1.113 seconds
Domain Reload Profiling:
	ReloadAssembly (1114ms)
		BeginReloadAssembly (164ms)
			ExecutionOrderSort (0ms)
			DisableScriptedObjects (4ms)
			BackupInstance (0ms)
			ReleaseScriptingObjects (0ms)
			CreateAndSetChildDomain (22ms)
		EndReloadAssembly (874ms)
			LoadAssemblies (110ms)
			RebuildTransferFunctionScriptingTraits (0ms)
			SetupTypeCache (295ms)
			ReleaseScriptCaches (0ms)
			RebuildScriptCaches (43ms)
			SetupLoadedEditorAssemblies (350ms)
				LogAssemblyErrors (0ms)
				InitializePlatformSupportModulesInManaged (6ms)
				SetLoadedEditorAssemblies (0ms)
				RefreshPlugins (0ms)
				BeforeProcessingInitializeOnLoad (99ms)
				ProcessInitializeOnLoadAttributes (217ms)
				ProcessInitializeOnLoadMethodAttributes (15ms)
				AfterProcessingInitializeOnLoad (13ms)
				EditorAssembliesLoaded (0ms)
			ExecutionOrderSort2 (0ms)
			AwakeInstancesAfterBackupRestoration (2ms)
Platform modules already initialized, skipping
========================================================================
Worker process is ready to serve import requests
Launched and connected shader compiler UnityShaderCompiler.exe after 0.06 seconds
Refreshing native plugins compatible for Editor in 0.49 ms, found 2 plugins.
Preloading 0 native plugins for Editor in 0.00 ms.
Unloading 1562 Unused Serialized files (Serialized files now loaded: 0)
System memory in use before: 161.7 MB.
System memory in use after: 161.7 MB.

Unloading 17 unused Assets to reduce memory usage. Loaded Objects now: 2027.
Total: 2.876100 ms (FindLiveObjects: 0.174800 ms CreateObjectMapping: 0.066500 ms MarkObjects: 2.530800 ms  DeleteObjects: 0.102900 ms)

AssetImportParameters requested are different than current active one (requested -> active):
  custom:framework-win-MediaFoundation: 216162199b28c13a410421893ffa2e32 -> 
  custom:video-decoder-ogg-theora: a1e56fd34408186e4bbccfd4996cb3dc -> 
  custom:container-muxer-webm: aa71ff27fc2769a1b78a27578f13a17b -> 
  custom:container-demuxer-webm: 4f35f7cbe854078d1ac9338744f61a02 -> 
  custom:container-demuxer-ogg: 62fdf1f143b41e24485cea50d1cbac27 -> 
  custom:video-encoder-webm-vp8: eb34c28f22e8b96e1ab97ce403110664 -> 
  custom:video-codec-MediaFoundation-h265: 746d11721c4dcdbdad8f713fa42b33f4 -> 
  custom:video-decoder-webm-vp8: 9c59270c3fd7afecdb556c50c9e8de78 -> 
  custom:audio-decoder-ogg-vorbis: bf7c407c2cedff20999df2af8eb42d56 -> 
  custom:audio-encoder-webm-vorbis: bf7c407c2cedff20999df2af8eb42d56 -> 
========================================================================
Received Import Request.
  path: Assets/3D Assets/Magic_tower.fbx
  artifactKey: Guid(b045d1c35544d4c4c8dcc3adcafc1414) Importer(815301076,1909f56bfc062723c751e8b465ee728b)
Start importing Assets/3D Assets/Magic_tower.fbx using Guid(b045d1c35544d4c4c8dcc3adcafc1414) Importer(815301076,1909f56bfc062723c751e8b465ee728b)  -> (artifact id: 'fd83b222c74dc98c89facbde9335720d') in 0.514243 seconds 
========================================================================
Received Import Request.
  Time since last request: 0.000540 seconds.
  path: Assets/3D Assets/Business_Male_04_facial Variant.prefab
  artifactKey: Guid(1873056b5de37794fbda7b24f03a1b5d) Importer(815301076,1909f56bfc062723c751e8b465ee728b)
Start importing Assets/3D Assets/Business_Male_04_facial Variant.prefab using Guid(1873056b5de37794fbda7b24f03a1b5d) Importer(815301076,1909f56bfc062723c751e8b465ee728b)  -> (artifact id: 'e1d65befaf5894bb93baa1c0124593ba') in 0.124868 seconds 
========================================================================
Received Import Request.
  Time since last request: 9.743427 seconds.
  path: Assets/3D Assets/Magic_tower.fbx
  artifactKey: Guid(b045d1c35544d4c4c8dcc3adcafc1414) Importer(815301076,1909f56bfc062723c751e8b465ee728b)
Start importing Assets/3D Assets/Magic_tower.fbx using Guid(b045d1c35544d4c4c8dcc3adcafc1414) Importer(815301076,1909f56bfc062723c751e8b465ee728b)  -> (artifact id: 'd5b123a93d585ed91913eb71bc6630ef') in 0.180737 seconds 
========================================================================
Received Import Request.
  Time since last request: 0.000228 seconds.
  path: Assets/3D Assets/Magic_tower.mat
  artifactKey: Guid(6bfe19702a490b14db996999849c6a9c) Importer(815301076,1909f56bfc062723c751e8b465ee728b)
Start importing Assets/3D Assets/Magic_tower.mat using Guid(6bfe19702a490b14db996999849c6a9c) Importer(815301076,1909f56bfc062723c751e8b465ee728b)  -> (artifact id: '2f14d3ef84441588f3455896fb09db76') in 0.021489 seconds 
========================================================================
Received Import Request.
  Time since last request: 61.785164 seconds.
  path: Assets/3D Assets/Magic_tower.mtl
  artifactKey: Guid(24f0f6daa28584c4d9890ba4a288f1f6) Importer(815301076,1909f56bfc062723c751e8b465ee728b)
Start importing Assets/3D Assets/Magic_tower.mtl using Guid(24f0f6daa28584c4d9890ba4a288f1f6) Importer(815301076,1909f56bfc062723c751e8b465ee728b)  -> (artifact id: '2c178d30b56721e897b9b4b85f16209e') in 0.010439 seconds 
========================================================================
Received Import Request.
  Time since last request: 16.825139 seconds.
  path: Assets/3D Assets/Magic_tower.obj
  artifactKey: Guid(b1da3d0d88262ff4e8361eaea168199e) Importer(815301076,1909f56bfc062723c751e8b465ee728b)
Start importing Assets/3D Assets/Magic_tower.obj using Guid(b1da3d0d88262ff4e8361eaea168199e) Importer(815301076,1909f56bfc062723c751e8b465ee728b)  -> (artifact id: '6a4c65d1fe1c70cf6d3405a28fede683') in 0.030253 seconds 
========================================================================
Received Import Request.
  Time since last request: 26.999274 seconds.
  path: Assets/3D Assets/Magic_tower.obj
  artifactKey: Guid(b1da3d0d88262ff4e8361eaea168199e) Importer(815301076,1909f56bfc062723c751e8b465ee728b)
Start importing Assets/3D Assets/Magic_tower.obj using Guid(b1da3d0d88262ff4e8361eaea168199e) Importer(815301076,1909f56bfc062723c751e8b465ee728b)  -> (artifact id: '7bcc5888f8f1e7b157f5ff88aec37be2') in 0.028936 seconds 
========================================================================
Received Import Request.
  Time since last request: 0.000328 seconds.
  path: Assets/3D Assets/defaultMat.mat
  artifactKey: Guid(0318f7a94ebdda848833d6d4e0c8e0b2) Importer(815301076,1909f56bfc062723c751e8b465ee728b)
Start importing Assets/3D Assets/defaultMat.mat using Guid(0318f7a94ebdda848833d6d4e0c8e0b2) Importer(815301076,1909f56bfc062723c751e8b465ee728b)  -> (artifact id: '5dc525440a65a3be530ef9cb9cc36fb4') in 0.024519 seconds 
========================================================================
Received Import Request.
  Time since last request: 51.097969 seconds.
  path: Assets/SkySeries Freebie/ExampleScenes/SceneObjects/2_10.mat
  artifactKey: Guid(eb10b6f571322b443bec8c532c088270) Importer(815301076,1909f56bfc062723c751e8b465ee728b)
Start importing Assets/SkySeries Freebie/ExampleScenes/SceneObjects/2_10.mat using Guid(eb10b6f571322b443bec8c532c088270) Importer(815301076,1909f56bfc062723c751e8b465ee728b)  -> (artifact id: '97e57e34df661d4f379586b68a9f3d08') in 0.025278 seconds 
========================================================================
Received Import Request.
  Time since last request: 0.000461 seconds.
  path: Assets/SkySeries Freebie/FreebieHdri/Materials/AmbienceExposure4k.mat
  artifactKey: Guid(4711261f577405142ab8292a8a6863f3) Importer(815301076,1909f56bfc062723c751e8b465ee728b)
Start importing Assets/SkySeries Freebie/FreebieHdri/Materials/AmbienceExposure4k.mat using Guid(4711261f577405142ab8292a8a6863f3) Importer(815301076,1909f56bfc062723c751e8b465ee728b)  -> (artifact id: 'df585bbfbb00ab4a194fa7264be17000') in 0.145006 seconds 
========================================================================
Received Import Request.
  Time since last request: 0.000379 seconds.
  path: Assets/SkySeries Freebie/6sidedCosmicCoolCloud.mat
  artifactKey: Guid(f531e09e2ad2fb440b4eed7605863143) Importer(815301076,1909f56bfc062723c751e8b465ee728b)
Start importing Assets/SkySeries Freebie/6sidedCosmicCoolCloud.mat using Guid(f531e09e2ad2fb440b4eed7605863143) Importer(815301076,1909f56bfc062723c751e8b465ee728b)  -> (artifact id: 'd7872cf6e8a9e809ac5a5c7133d41e55') in 0.315996 seconds 
========================================================================
Received Import Request.
  Time since last request: 0.000317 seconds.
  path: Assets/SkySeries Freebie/6SidedMegaSun.mat
  artifactKey: Guid(c52c5d7968fa6c9499b0b5752f899bfb) Importer(815301076,1909f56bfc062723c751e8b465ee728b)
Start importing Assets/SkySeries Freebie/6SidedMegaSun.mat using Guid(c52c5d7968fa6c9499b0b5752f899bfb) Importer(815301076,1909f56bfc062723c751e8b465ee728b)  -> (artifact id: '7646dd022832a3d87c6355e2537c02c0') in 0.073172 seconds 
========================================================================
Received Import Request.
  Time since last request: 0.000372 seconds.
  path: Assets/SkySeries Freebie/FreebieHdri/Materials/CloudedSunGlow4k.mat
  artifactKey: Guid(734b6ad07ccd8a94ca5eb9e47baa7ec8) Importer(815301076,1909f56bfc062723c751e8b465ee728b)
Start importing Assets/SkySeries Freebie/FreebieHdri/Materials/CloudedSunGlow4k.mat using Guid(734b6ad07ccd8a94ca5eb9e47baa7ec8) Importer(815301076,1909f56bfc062723c751e8b465ee728b)  -> (artifact id: 'ef9b6bb75248570448be4a72cec0ae3f') in 0.107223 seconds 
========================================================================
Received Import Request.
  Time since last request: 0.000351 seconds.
  path: Assets/SkySeries Freebie/DayInTheClouds.mat
  artifactKey: Guid(3e5399bd195de7649b874f58c1b9f8a3) Importer(815301076,1909f56bfc062723c751e8b465ee728b)
Start importing Assets/SkySeries Freebie/DayInTheClouds.mat using Guid(3e5399bd195de7649b874f58c1b9f8a3) Importer(815301076,1909f56bfc062723c751e8b465ee728b)  -> (artifact id: '86ba2b270c150e026bd6fad7d22b6ab2') in 0.090286 seconds 
========================================================================
Received Import Request.
  Time since last request: 0.000392 seconds.
  path: Assets/SkySeries Freebie/FreebieHdri/Materials/Cloudymorning4k.mat
  artifactKey: Guid(83428814625fc5547b8ba4a0b9352188) Importer(815301076,1909f56bfc062723c751e8b465ee728b)
Start importing Assets/SkySeries Freebie/FreebieHdri/Materials/Cloudymorning4k.mat using Guid(83428814625fc5547b8ba4a0b9352188) Importer(815301076,1909f56bfc062723c751e8b465ee728b)  -> (artifact id: '6f4b070f3c347924de5699eda44fb37f') in 0.104429 seconds 
========================================================================
Received Import Request.
  Time since last request: 0.000392 seconds.
  path: Assets/SkySeries Freebie/6SidedFluffball.mat
  artifactKey: Guid(efd1c33efd2d58340b88804268e6833f) Importer(815301076,1909f56bfc062723c751e8b465ee728b)
Start importing Assets/SkySeries Freebie/6SidedFluffball.mat using Guid(efd1c33efd2d58340b88804268e6833f) Importer(815301076,1909f56bfc062723c751e8b465ee728b)  -> (artifact id: '5d8d2f86ccfca061ab0a4aba2b7b1d0c') in 0.062802 seconds 
========================================================================
Received Import Request.
  Time since last request: 0.000293 seconds.
  path: Assets/SkySeries Freebie/Cloudymorning.mat
  artifactKey: Guid(d9dca9ae1786c394f9e79c637aa9a7bf) Importer(815301076,1909f56bfc062723c751e8b465ee728b)
Start importing Assets/SkySeries Freebie/Cloudymorning.mat using Guid(d9dca9ae1786c394f9e79c637aa9a7bf) Importer(815301076,1909f56bfc062723c751e8b465ee728b)  -> (artifact id: '7505a6326f67547618a1a15386c75492') in 0.067044 seconds 
========================================================================
Received Import Request.
  Time since last request: 0.000371 seconds.
  path: Assets/SkySeries Freebie/CoriolisNight4k.mat
  artifactKey: Guid(d4454f71d85928744be7771e2143dab7) Importer(815301076,1909f56bfc062723c751e8b465ee728b)
Start importing Assets/SkySeries Freebie/CoriolisNight4k.mat using Guid(d4454f71d85928744be7771e2143dab7) Importer(815301076,1909f56bfc062723c751e8b465ee728b)  -> (artifact id: 'fddb9b3ae7ac5f3cb370f58bcdb09e90') in 0.088503 seconds 
========================================================================
Received Import Request.
  Time since last request: 0.000359 seconds.
  path: Assets/SkySeries Freebie/FreebieHdri/Materials/CosmicCoolCloudEQ_hdr.mat
  artifactKey: Guid(14b4943c1c13fc049840cbc21e4f4e51) Importer(815301076,1909f56bfc062723c751e8b465ee728b)
Start importing Assets/SkySeries Freebie/FreebieHdri/Materials/CosmicCoolCloudEQ_hdr.mat using Guid(14b4943c1c13fc049840cbc21e4f4e51) Importer(815301076,1909f56bfc062723c751e8b465ee728b)  -> (artifact id: '7e3594986bbfa910c56a0bafe9e716bf') in 0.079721 seconds 
========================================================================
Received Import Request.
  Time since last request: 0.000341 seconds.
  path: Assets/SkySeries Freebie/ExampleScenes/SceneObjects/4_10.mat
  artifactKey: Guid(db3bceb128d32144ca6fd4550ac256bc) Importer(815301076,1909f56bfc062723c751e8b465ee728b)
Start importing Assets/SkySeries Freebie/ExampleScenes/SceneObjects/4_10.mat using Guid(db3bceb128d32144ca6fd4550ac256bc) Importer(815301076,1909f56bfc062723c751e8b465ee728b)  -> (artifact id: '3f6f5ccf205efd74f42d7341ef2718fe') in 0.024349 seconds 
========================================================================
Received Import Request.
  Time since last request: 0.000361 seconds.
  path: Assets/SkySeries Freebie/DarkStorm.mat
  artifactKey: Guid(2039a0ad0a9d05549928b70362f54902) Importer(815301076,1909f56bfc062723c751e8b465ee728b)
Start importing Assets/SkySeries Freebie/DarkStorm.mat using Guid(2039a0ad0a9d05549928b70362f54902) Importer(815301076,1909f56bfc062723c751e8b465ee728b)  -> (artifact id: '58456c82b2938247d3de37ec5cac2866') in 0.093960 seconds 
========================================================================
Received Import Request.
  Time since last request: 0.000365 seconds.
  path: Assets/SkySeries Freebie/FreebieHdri/Materials/DarkStorm4K.mat
  artifactKey: Guid(b1d4b5e17b233714b951774ed2b4c3e0) Importer(815301076,1909f56bfc062723c751e8b465ee728b)
Start importing Assets/SkySeries Freebie/FreebieHdri/Materials/DarkStorm4K.mat using Guid(b1d4b5e17b233714b951774ed2b4c3e0) Importer(815301076,1909f56bfc062723c751e8b465ee728b)  -> (artifact id: '5c67a923829a3d59e5abee847808a2c9') in 0.066414 seconds 
========================================================================
Received Import Request.
  Time since last request: 0.000256 seconds.
  path: Assets/SkySeries Freebie/FreebieHdri/Materials/DayInTheClouds4k.mat
  artifactKey: Guid(60c4d786a54c7814cb1fce6e5b942271) Importer(815301076,1909f56bfc062723c751e8b465ee728b)
Start importing Assets/SkySeries Freebie/FreebieHdri/Materials/DayInTheClouds4k.mat using Guid(60c4d786a54c7814cb1fce6e5b942271) Importer(815301076,1909f56bfc062723c751e8b465ee728b)  -> (artifact id: '09020f3fa281d6fb11d273a5f1b797d6') in 0.068720 seconds 
========================================================================
Received Import Request.
  Time since last request: 0.000298 seconds.
  path: Assets/SkySeries Freebie/ExampleScenes/SceneObjects/8_10.mat
  artifactKey: Guid(964f6a34e2240bf45940918b112ce7be) Importer(815301076,1909f56bfc062723c751e8b465ee728b)
Start importing Assets/SkySeries Freebie/ExampleScenes/SceneObjects/8_10.mat using Guid(964f6a34e2240bf45940918b112ce7be) Importer(815301076,1909f56bfc062723c751e8b465ee728b)  -> (artifact id: 'dffa0c0f52a0d88f9b514f48ba43fc84') in 0.026052 seconds 
========================================================================
Received Import Request.
  Time since last request: 0.000654 seconds.
  path: Assets/SkySeries Freebie/FreebieHdri/Materials/CasualDay4K.mat
  artifactKey: Guid(4046c5d2b148e5548be4b295098ed0ad) Importer(815301076,1909f56bfc062723c751e8b465ee728b)
Start importing Assets/SkySeries Freebie/FreebieHdri/Materials/CasualDay4K.mat using Guid(4046c5d2b148e5548be4b295098ed0ad) Importer(815301076,1909f56bfc062723c751e8b465ee728b)  -> (artifact id: '9d23e23edbef2c69ef40074414390966') in 0.087497 seconds 
========================================================================
Received Import Request.
  Time since last request: 0.000483 seconds.
  path: Assets/SkySeries Freebie/AmbienceExposure.mat
  artifactKey: Guid(72deae4d18418f94688abef8e8483df0) Importer(815301076,1909f56bfc062723c751e8b465ee728b)
Start importing Assets/SkySeries Freebie/AmbienceExposure.mat using Guid(72deae4d18418f94688abef8e8483df0) Importer(815301076,1909f56bfc062723c751e8b465ee728b)  -> (artifact id: 'a5c03952b284cfcbc8d1cee058d6051f') in 0.068512 seconds 
========================================================================
Received Import Request.
  Time since last request: 0.000306 seconds.
  path: Assets/SkySeries Freebie/ExampleScenes/SceneObjects/6_10.mat
  artifactKey: Guid(abcc3c67b7d0a794f8bb91be4e85abdd) Importer(815301076,1909f56bfc062723c751e8b465ee728b)
Start importing Assets/SkySeries Freebie/ExampleScenes/SceneObjects/6_10.mat using Guid(abcc3c67b7d0a794f8bb91be4e85abdd) Importer(815301076,1909f56bfc062723c751e8b465ee728b)  -> (artifact id: '85cfe142898c8e3d97186ad012a4d236') in 0.022141 seconds 
========================================================================
Received Import Request.
  Time since last request: 0.000388 seconds.
  path: Assets/SkySeries Freebie/CosmicCoolCloud_Eq.mat
  artifactKey: Guid(369b9ebe3a62b904dbc19bd332b44086) Importer(815301076,1909f56bfc062723c751e8b465ee728b)
Start importing Assets/SkySeries Freebie/CosmicCoolCloud_Eq.mat using Guid(369b9ebe3a62b904dbc19bd332b44086) Importer(815301076,1909f56bfc062723c751e8b465ee728b)  -> (artifact id: '685bec4919a13287588aa119e28d6acb') in 0.052314 seconds 
========================================================================
Received Import Request.
  Time since last request: 0.000281 seconds.
  path: Assets/SkySeries Freebie/CloudedSunGlow.mat
  artifactKey: Guid(e391f00234292cc4f935308c11cf0e54) Importer(815301076,1909f56bfc062723c751e8b465ee728b)
Start importing Assets/SkySeries Freebie/CloudedSunGlow.mat using Guid(e391f00234292cc4f935308c11cf0e54) Importer(815301076,1909f56bfc062723c751e8b465ee728b)  -> (artifact id: 'f7d8ef3864e320e3a7ee419da26846f9') in 0.064851 seconds 
========================================================================
Received Import Request.
  Time since last request: 0.000319 seconds.
  path: Assets/SkySeries Freebie/CasualDay.mat
  artifactKey: Guid(85cf0b004bc4a654b9e501efcce47902) Importer(815301076,1909f56bfc062723c751e8b465ee728b)
Start importing Assets/SkySeries Freebie/CasualDay.mat using Guid(85cf0b004bc4a654b9e501efcce47902) Importer(815301076,1909f56bfc062723c751e8b465ee728b)  -> (artifact id: 'caf3b1341901d625c0b82422dd79aa5a') in 0.067286 seconds 
========================================================================
Received Import Request.
  Time since last request: 0.000299 seconds.
  path: Assets/SkySeries Freebie/FreebieHdri/Materials/CoriolisNight4k.mat
  artifactKey: Guid(5864d3e9ae8b9f64caaba08e48da11b5) Importer(815301076,1909f56bfc062723c751e8b465ee728b)
Start importing Assets/SkySeries Freebie/FreebieHdri/Materials/CoriolisNight4k.mat using Guid(5864d3e9ae8b9f64caaba08e48da11b5) Importer(815301076,1909f56bfc062723c751e8b465ee728b)  -> (artifact id: 'b63aff5b25f5210f997da6d055116717') in 0.063058 seconds 
========================================================================
Received Import Request.
  Time since last request: 0.355503 seconds.
  path: Assets/SkySeries Freebie/FluffballDay.mat
  artifactKey: Guid(20d4f77b9022eab48b4d94599ed4bf82) Importer(815301076,1909f56bfc062723c751e8b465ee728b)
Start importing Assets/SkySeries Freebie/FluffballDay.mat using Guid(20d4f77b9022eab48b4d94599ed4bf82) Importer(815301076,1909f56bfc062723c751e8b465ee728b)  -> (artifact id: 'df8f7eb2d41a7777c8586a1bfa8b420f') in 0.064998 seconds 
========================================================================
Received Import Request.
  Time since last request: 0.000258 seconds.
  path: Assets/SkySeries Freebie/HighFantasy.mat
  artifactKey: Guid(e2341a9d03e86ec4290c72b1e22bbc7c) Importer(815301076,1909f56bfc062723c751e8b465ee728b)
Start importing Assets/SkySeries Freebie/HighFantasy.mat using Guid(e2341a9d03e86ec4290c72b1e22bbc7c) Importer(815301076,1909f56bfc062723c751e8b465ee728b)  -> (artifact id: 'c542343554624aaf576d0a31051f8df7') in 0.086561 seconds 
========================================================================
Received Import Request.
  Time since last request: 0.000240 seconds.
  path: Assets/SkySeries Freebie/FreebieHdri/Materials/FluffballDay4k.mat
  artifactKey: Guid(8bdae5d3be47e264d9a7ea4bd3127688) Importer(815301076,1909f56bfc062723c751e8b465ee728b)
Start importing Assets/SkySeries Freebie/FreebieHdri/Materials/FluffballDay4k.mat using Guid(8bdae5d3be47e264d9a7ea4bd3127688) Importer(815301076,1909f56bfc062723c751e8b465ee728b)  -> (artifact id: '1acc26bc3fe2ad1e7fd364d15621b30d') in 0.056038 seconds 
========================================================================
Received Import Request.
  Time since last request: 0.000284 seconds.
  path: Assets/SkySeries Freebie/ExampleScenes/SceneObjects/Full.mat
  artifactKey: Guid(1b27a20a436b4c64b882a6f739bf91de) Importer(815301076,1909f56bfc062723c751e8b465ee728b)
Start importing Assets/SkySeries Freebie/ExampleScenes/SceneObjects/Full.mat using Guid(1b27a20a436b4c64b882a6f739bf91de) Importer(815301076,1909f56bfc062723c751e8b465ee728b)  -> (artifact id: '233ccf15b11895175797ae9d1bf5d7b0') in 0.021031 seconds 
========================================================================
Received Import Request.
  Time since last request: 0.000321 seconds.
  path: Assets/SkySeries Freebie/FreebieHdri/Materials/HighFantasy4k.mat
  artifactKey: Guid(6cf014903e2bb214aa4af2bb505c766c) Importer(815301076,1909f56bfc062723c751e8b465ee728b)
Start importing Assets/SkySeries Freebie/FreebieHdri/Materials/HighFantasy4k.mat using Guid(6cf014903e2bb214aa4af2bb505c766c) Importer(815301076,1909f56bfc062723c751e8b465ee728b)  -> (artifact id: '844f950274812b4c8cf8f3efa4aa64e3') in 0.053889 seconds 
========================================================================
Received Import Request.
  Time since last request: 22.230683 seconds.
  path: Assets/3D Assets/Magic_tower.fbx
  artifactKey: Guid(b045d1c35544d4c4c8dcc3adcafc1414) Importer(815301076,1909f56bfc062723c751e8b465ee728b)
Start importing Assets/3D Assets/Magic_tower.fbx using Guid(b045d1c35544d4c4c8dcc3adcafc1414) Importer(815301076,1909f56bfc062723c751e8b465ee728b)  -> (artifact id: 'ee050316cc8d1e3a872f75e110803ead') in 0.182955 seconds 
========================================================================
Received Import Request.
  Time since last request: 29.983351 seconds.
  path: Assets/3D Assets/Magic_tower.fbx
  artifactKey: Guid(b045d1c35544d4c4c8dcc3adcafc1414) Importer(815301076,1909f56bfc062723c751e8b465ee728b)
Start importing Assets/3D Assets/Magic_tower.fbx using Guid(b045d1c35544d4c4c8dcc3adcafc1414) Importer(815301076,1909f56bfc062723c751e8b465ee728b)  -> (artifact id: '9405cd57793cf623321a2df48b8f8fde') in 0.170105 seconds 
========================================================================
Received Import Request.
  Time since last request: 31.233221 seconds.
  path: Assets/Materials/Crystal.mat
  artifactKey: Guid(1f4bf9fd71cd58749b7d22236780bb9b) Importer(815301076,1909f56bfc062723c751e8b465ee728b)
Start importing Assets/Materials/Crystal.mat using Guid(1f4bf9fd71cd58749b7d22236780bb9b) Importer(815301076,1909f56bfc062723c751e8b465ee728b)  -> (artifact id: 'db4a87ecbf4818f88aaec72abd3ee700') in 0.017140 seconds 
========================================================================
Received Import Request.
  Time since last request: 94.860307 seconds.
  path: Assets/SkySeries Freebie/MegaSun.mat
  artifactKey: Guid(cede08c9fc471e64884909cd4bbeaf59) Importer(815301076,1909f56bfc062723c751e8b465ee728b)
Start importing Assets/SkySeries Freebie/MegaSun.mat using Guid(cede08c9fc471e64884909cd4bbeaf59) Importer(815301076,1909f56bfc062723c751e8b465ee728b)  -> (artifact id: 'ed6cd7f45a1d8a4bdd1c9daa02c34282') in 0.112231 seconds 
========================================================================
Received Import Request.
  Time since last request: 0.000373 seconds.
  path: Assets/SkySeries Freebie/FreebieHdri/Materials/SkyhighFluffycloudField4k.mat
  artifactKey: Guid(8c4094ed5c973314f99a5b513bd18b90) Importer(815301076,1909f56bfc062723c751e8b465ee728b)
Start importing Assets/SkySeries Freebie/FreebieHdri/Materials/SkyhighFluffycloudField4k.mat using Guid(8c4094ed5c973314f99a5b513bd18b90) Importer(815301076,1909f56bfc062723c751e8b465ee728b)  -> (artifact id: '0cc6613ad6ef016c28fab7cab6b912e4') in 0.094338 seconds 
========================================================================
Received Import Request.
  Time since last request: 0.000441 seconds.
  path: Assets/SkySeries Freebie/SunlessCirruscover.mat
  artifactKey: Guid(4e154bf235e41704bbd6bbc6fd6c63f6) Importer(815301076,1909f56bfc062723c751e8b465ee728b)
Start importing Assets/SkySeries Freebie/SunlessCirruscover.mat using Guid(4e154bf235e41704bbd6bbc6fd6c63f6) Importer(815301076,1909f56bfc062723c751e8b465ee728b)  -> (artifact id: 'f2c91c7c199d17cababe78e2ddd97f81') in 0.112094 seconds 
========================================================================
Received Import Request.
  Time since last request: 0.000296 seconds.
  path: Assets/SkySeries Freebie/SkyhighFluffycloudField.mat
  artifactKey: Guid(f15c336556dd74f40aaca655f7767970) Importer(815301076,1909f56bfc062723c751e8b465ee728b)
Start importing Assets/SkySeries Freebie/SkyhighFluffycloudField.mat using Guid(f15c336556dd74f40aaca655f7767970) Importer(815301076,1909f56bfc062723c751e8b465ee728b)  -> (artifact id: 'dbb87c20f2c904641d0bdf502537fae1') in 0.074331 seconds 
========================================================================
Received Import Request.
  Time since last request: 0.000467 seconds.
  path: Assets/SkySeries Freebie/PlanetaryEarth.mat
  artifactKey: Guid(16bc8a9d5451ca44d8f70575adbece3a) Importer(815301076,1909f56bfc062723c751e8b465ee728b)
Start importing Assets/SkySeries Freebie/PlanetaryEarth.mat using Guid(16bc8a9d5451ca44d8f70575adbece3a) Importer(815301076,1909f56bfc062723c751e8b465ee728b)  -> (artifact id: 'e1e71f3aa03c464926c11648399caee8') in 0.103701 seconds 
========================================================================
Received Import Request.
  Time since last request: 0.000690 seconds.
  path: Assets/SkySeries Freebie/FreebieHdri/Materials/MegaSun4k.mat
  artifactKey: Guid(ccc543fd8308d2b4ba503a88f7c1cfda) Importer(815301076,1909f56bfc062723c751e8b465ee728b)
Start importing Assets/SkySeries Freebie/FreebieHdri/Materials/MegaSun4k.mat using Guid(ccc543fd8308d2b4ba503a88f7c1cfda) Importer(815301076,1909f56bfc062723c751e8b465ee728b)  -> (artifact id: '39f2ecea3b5fe4b6dc30051feaeea948') in 0.072121 seconds 
========================================================================
Received Import Request.
  Time since last request: 0.000501 seconds.
  path: Assets/SkySeries Freebie/FreebieHdri/Materials/PlanetaryEarth4k.mat
  artifactKey: Guid(5626a62dcb2a7e24f975ac2140e9d7cc) Importer(815301076,1909f56bfc062723c751e8b465ee728b)
Start importing Assets/SkySeries Freebie/FreebieHdri/Materials/PlanetaryEarth4k.mat using Guid(5626a62dcb2a7e24f975ac2140e9d7cc) Importer(815301076,1909f56bfc062723c751e8b465ee728b)  -> (artifact id: '10a375600abd00c3a0e280c36346eb8d') in 0.070439 seconds 
========================================================================
Received Import Request.
  Time since last request: 8.758708 seconds.
  path: Assets/Materials/Crystal.mat
  artifactKey: Guid(1f4bf9fd71cd58749b7d22236780bb9b) Importer(815301076,1909f56bfc062723c751e8b465ee728b)
Start importing Assets/Materials/Crystal.mat using Guid(1f4bf9fd71cd58749b7d22236780bb9b) Importer(815301076,1909f56bfc062723c751e8b465ee728b)  -> (artifact id: '70c9019c8200501f8780965c00ae2eee') in 0.036629 seconds 
========================================================================
Received Import Request.
  Time since last request: 122.866632 seconds.
  path: Assets/3D Assets/RocketBox/Magic_tower.mat
  artifactKey: Guid(6142da5931fb80042bd0171c3e988592) Importer(815301076,1909f56bfc062723c751e8b465ee728b)
Start importing Assets/3D Assets/RocketBox/Magic_tower.mat using Guid(6142da5931fb80042bd0171c3e988592) Importer(815301076,1909f56bfc062723c751e8b465ee728b)  -> (artifact id: 'e828e3c2a9933510ffafeb4a2df10945') in 0.045545 seconds 
========================================================================
Received Import Request.
  Time since last request: 41.293196 seconds.
  path: Assets/SkySeries Freebie/FreebieHdri/Materials/UnderTheSea4k.mat
  artifactKey: Guid(2a8f7a12d8cf09346b85648515b26ce9) Importer(815301076,1909f56bfc062723c751e8b465ee728b)
Start importing Assets/SkySeries Freebie/FreebieHdri/Materials/UnderTheSea4k.mat using Guid(2a8f7a12d8cf09346b85648515b26ce9) Importer(815301076,1909f56bfc062723c751e8b465ee728b)  -> (artifact id: 'd610bb1e4bd869992b2ed3947cde2445') in 0.088915 seconds 
========================================================================
Received Import Request.
  Time since last request: 0.000262 seconds.
  path: Assets/SkySeries Freebie/UnderTheSea4k.mat
  artifactKey: Guid(119ec07f1c7ed204db46bd8465fd5a50) Importer(815301076,1909f56bfc062723c751e8b465ee728b)
Start importing Assets/SkySeries Freebie/UnderTheSea4k.mat using Guid(119ec07f1c7ed204db46bd8465fd5a50) Importer(815301076,1909f56bfc062723c751e8b465ee728b)  -> (artifact id: '1ccd26135a44a59c16e44ca003d7044f') in 0.070800 seconds 
========================================================================
Received Import Request.
  Time since last request: 0.000402 seconds.
  path: Assets/SkySeries Freebie/UnearthlyRed.mat
  artifactKey: Guid(5d133deeaa66ed445853e946ff25e073) Importer(815301076,1909f56bfc062723c751e8b465ee728b)
Start importing Assets/SkySeries Freebie/UnearthlyRed.mat using Guid(5d133deeaa66ed445853e946ff25e073) Importer(815301076,1909f56bfc062723c751e8b465ee728b)  -> (artifact id: '0d41a1c8efaa53f2aaf363c7e4b8eea4') in 0.087847 seconds 
========================================================================
Received Import Request.
  Time since last request: 0.000369 seconds.
  path: Assets/SimpleLowPolyNature/Materials/WaterMat.mat
  artifactKey: Guid(541d89427b42b4040b80b215bdd9a767) Importer(815301076,1909f56bfc062723c751e8b465ee728b)
Start importing Assets/SimpleLowPolyNature/Materials/WaterMat.mat using Guid(541d89427b42b4040b80b215bdd9a767) Importer(815301076,1909f56bfc062723c751e8b465ee728b)  -> (artifact id: 'c6ea838727b2bf9a12b5260fba8f3b61') in 0.014775 seconds 
========================================================================
Received Import Request.
  Time since last request: 0.000440 seconds.
  path: Assets/SkySeries Freebie/FreebieHdri/Materials/UnearthlyRed4k.mat
  artifactKey: Guid(637cc7e8ff63da94d94ad47c48ce41a6) Importer(815301076,1909f56bfc062723c751e8b465ee728b)
Start importing Assets/SkySeries Freebie/FreebieHdri/Materials/UnearthlyRed4k.mat using Guid(637cc7e8ff63da94d94ad47c48ce41a6) Importer(815301076,1909f56bfc062723c751e8b465ee728b)  -> (artifact id: '8e5f7de42da67b36f0e53d7045e4f32f') in 0.061228 seconds 
========================================================================
Received Import Request.
  Time since last request: 194.213310 seconds.
  path: Assets/Materials/New Material.mat
  artifactKey: Guid(456cb0fc5f0a18c448afc354507985cf) Importer(815301076,1909f56bfc062723c751e8b465ee728b)
Start importing Assets/Materials/New Material.mat using Guid(456cb0fc5f0a18c448afc354507985cf) Importer(815301076,1909f56bfc062723c751e8b465ee728b)  -> (artifact id: '037a9bece7163413f2cb7eef38708fcd') in 0.016123 seconds 
========================================================================
Received Prepare
Registering precompiled user dll's ...
Registered in 0.004697 seconds.
Begin MonoManager ReloadAssembly
Native extension for WindowsStandalone target not found
Native extension for WebGL target not found
Refreshing native plugins compatible for Editor in 0.37 ms, found 2 plugins.
Preloading 0 native plugins for Editor in 0.00 ms.
Mono: successfully reloaded assembly
- Completed reload, in  1.011 seconds
Domain Reload Profiling:
	ReloadAssembly (1012ms)
		BeginReloadAssembly (126ms)
			ExecutionOrderSort (0ms)
			DisableScriptedObjects (4ms)
			BackupInstance (0ms)
			ReleaseScriptingObjects (0ms)
			CreateAndSetChildDomain (33ms)
		EndReloadAssembly (818ms)
			LoadAssemblies (102ms)
			RebuildTransferFunctionScriptingTraits (0ms)
			SetupTypeCache (278ms)
			ReleaseScriptCaches (1ms)
			RebuildScriptCaches (40ms)
			SetupLoadedEditorAssemblies (323ms)
				LogAssemblyErrors (0ms)
				InitializePlatformSupportModulesInManaged (6ms)
				SetLoadedEditorAssemblies (1ms)
				RefreshPlugins (0ms)
				BeforeProcessingInitializeOnLoad (84ms)
				ProcessInitializeOnLoadAttributes (200ms)
				ProcessInitializeOnLoadMethodAttributes (16ms)
				AfterProcessingInitializeOnLoad (15ms)
				EditorAssembliesLoaded (0ms)
			ExecutionOrderSort2 (0ms)
			AwakeInstancesAfterBackupRestoration (2ms)
Platform modules already initialized, skipping
Refreshing native plugins compatible for Editor in 0.48 ms, found 2 plugins.
Preloading 0 native plugins for Editor in 0.00 ms.
Unloading 1543 Unused Serialized files (Serialized files now loaded: 0)
System memory in use before: 179.0 MB.
System memory in use after: 179.1 MB.

Unloading 12 unused Assets to reduce memory usage. Loaded Objects now: 2080.
Total: 3.389200 ms (FindLiveObjects: 0.241900 ms CreateObjectMapping: 0.096800 ms MarkObjects: 2.962700 ms  DeleteObjects: 0.086000 ms)

AssetImportParameters requested are different than current active one (requested -> active):
  custom:framework-win-MediaFoundation: 216162199b28c13a410421893ffa2e32 -> 
  custom:video-decoder-ogg-theora: a1e56fd34408186e4bbccfd4996cb3dc -> 
  custom:container-muxer-webm: aa71ff27fc2769a1b78a27578f13a17b -> 
  custom:container-demuxer-webm: 4f35f7cbe854078d1ac9338744f61a02 -> 
  custom:container-demuxer-ogg: 62fdf1f143b41e24485cea50d1cbac27 -> 
  custom:video-encoder-webm-vp8: eb34c28f22e8b96e1ab97ce403110664 -> 
  custom:video-codec-MediaFoundation-h265: 746d11721c4dcdbdad8f713fa42b33f4 -> 
  custom:video-decoder-webm-vp8: 9c59270c3fd7afecdb556c50c9e8de78 -> 
  custom:audio-decoder-ogg-vorbis: bf7c407c2cedff20999df2af8eb42d56 -> 
  custom:audio-encoder-webm-vorbis: bf7c407c2cedff20999df2af8eb42d56 -> 
========================================================================
Received Import Request.
  Time since last request: 78.814105 seconds.
  path: Assets/Materials/Walls.mat
  artifactKey: Guid(456cb0fc5f0a18c448afc354507985cf) Importer(815301076,1909f56bfc062723c751e8b465ee728b)
Start importing Assets/Materials/Walls.mat using Guid(456cb0fc5f0a18c448afc354507985cf) Importer(815301076,1909f56bfc062723c751e8b465ee728b)  -> (artifact id: '026c363d76190550be8cc8f3a0324b06') in 0.070393 seconds 
========================================================================
Received Import Request.
  Time since last request: 125.254646 seconds.
  path: Assets/Materials/Walls.mat
  artifactKey: Guid(456cb0fc5f0a18c448afc354507985cf) Importer(815301076,1909f56bfc062723c751e8b465ee728b)
Start importing Assets/Materials/Walls.mat using Guid(456cb0fc5f0a18c448afc354507985cf) Importer(815301076,1909f56bfc062723c751e8b465ee728b)  -> (artifact id: '342c0b3728376614988a1f5d570699ed') in 0.032866 seconds 
========================================================================
Received Import Request.
  Time since last request: 84.769655 seconds.
  path: Assets/3D Assets/Magic_tower.fbx
  artifactKey: Guid(b045d1c35544d4c4c8dcc3adcafc1414) Importer(815301076,1909f56bfc062723c751e8b465ee728b)
Start importing Assets/3D Assets/Magic_tower.fbx using Guid(b045d1c35544d4c4c8dcc3adcafc1414) Importer(815301076,1909f56bfc062723c751e8b465ee728b)  -> (artifact id: '05113308f1b36df1963190ab7ce63ba8') in 0.281506 seconds 
========================================================================
Received Prepare
Registering precompiled user dll's ...
Registered in 0.005566 seconds.
Begin MonoManager ReloadAssembly
Native extension for WindowsStandalone target not found
Native extension for WebGL target not found
Refreshing native plugins compatible for Editor in 0.39 ms, found 2 plugins.
Preloading 0 native plugins for Editor in 0.00 ms.
Mono: successfully reloaded assembly
- Completed reload, in  0.970 seconds
Domain Reload Profiling:
	ReloadAssembly (970ms)
		BeginReloadAssembly (122ms)
			ExecutionOrderSort (0ms)
			DisableScriptedObjects (4ms)
			BackupInstance (0ms)
			ReleaseScriptingObjects (0ms)
			CreateAndSetChildDomain (35ms)
		EndReloadAssembly (782ms)
			LoadAssemblies (102ms)
			RebuildTransferFunctionScriptingTraits (0ms)
			SetupTypeCache (271ms)
			ReleaseScriptCaches (1ms)
			RebuildScriptCaches (37ms)
			SetupLoadedEditorAssemblies (303ms)
				LogAssemblyErrors (0ms)
				InitializePlatformSupportModulesInManaged (6ms)
				SetLoadedEditorAssemblies (0ms)
				RefreshPlugins (0ms)
				BeforeProcessingInitializeOnLoad (84ms)
				ProcessInitializeOnLoadAttributes (186ms)
				ProcessInitializeOnLoadMethodAttributes (13ms)
				AfterProcessingInitializeOnLoad (12ms)
				EditorAssembliesLoaded (0ms)
			ExecutionOrderSort2 (0ms)
			AwakeInstancesAfterBackupRestoration (2ms)
Platform modules already initialized, skipping
Refreshing native plugins compatible for Editor in 0.63 ms, found 2 plugins.
Preloading 0 native plugins for Editor in 0.00 ms.
Unloading 1543 Unused Serialized files (Serialized files now loaded: 0)
System memory in use before: 180.7 MB.
System memory in use after: 180.8 MB.

Unloading 12 unused Assets to reduce memory usage. Loaded Objects now: 2086.
Total: 3.077200 ms (FindLiveObjects: 0.183800 ms CreateObjectMapping: 0.098100 ms MarkObjects: 2.717900 ms  DeleteObjects: 0.076400 ms)

AssetImportParameters requested are different than current active one (requested -> active):
  custom:framework-win-MediaFoundation: 216162199b28c13a410421893ffa2e32 -> 
  custom:video-decoder-ogg-theora: a1e56fd34408186e4bbccfd4996cb3dc -> 
  custom:container-muxer-webm: aa71ff27fc2769a1b78a27578f13a17b -> 
  custom:container-demuxer-webm: 4f35f7cbe854078d1ac9338744f61a02 -> 
  custom:container-demuxer-ogg: 62fdf1f143b41e24485cea50d1cbac27 -> 
  custom:video-encoder-webm-vp8: eb34c28f22e8b96e1ab97ce403110664 -> 
  custom:video-codec-MediaFoundation-h265: 746d11721c4dcdbdad8f713fa42b33f4 -> 
  custom:video-decoder-webm-vp8: 9c59270c3fd7afecdb556c50c9e8de78 -> 
  custom:audio-decoder-ogg-vorbis: bf7c407c2cedff20999df2af8eb42d56 -> 
  custom:audio-encoder-webm-vorbis: bf7c407c2cedff20999df2af8eb42d56 -> 
========================================================================
Received Import Request.
  Time since last request: 8.131505 seconds.
  path: Assets/3D Assets/Magic_tower.fbx
  artifactKey: Guid(b045d1c35544d4c4c8dcc3adcafc1414) Importer(815301076,1909f56bfc062723c751e8b465ee728b)
Start importing Assets/3D Assets/Magic_tower.fbx using Guid(b045d1c35544d4c4c8dcc3adcafc1414) Importer(815301076,1909f56bfc062723c751e8b465ee728b)  -> (artifact id: '408aec988ba185edf7ee8043e1026bfc') in 0.226984 seconds 
========================================================================
Received Import Request.
  Time since last request: 53.788828 seconds.
  path: Assets/3D Assets/RocketBox
  artifactKey: Guid(54cc77f95a2146b4cbc1e8982ab9487f) Importer(815301076,1909f56bfc062723c751e8b465ee728b)
Start importing Assets/3D Assets/RocketBox using Guid(54cc77f95a2146b4cbc1e8982ab9487f) Importer(815301076,1909f56bfc062723c751e8b465ee728b)  -> (artifact id: '07daa18ce7b876302b20da293416ce23') in 0.012623 seconds 
========================================================================
Received Import Request.
  Time since last request: 1.035781 seconds.
  path: Assets/3D Assets/RocketBox/New
  artifactKey: Guid(e070db28f909ce94cb0cb279373036b3) Importer(815301076,1909f56bfc062723c751e8b465ee728b)
Start importing Assets/3D Assets/RocketBox/New using Guid(e070db28f909ce94cb0cb279373036b3) Importer(815301076,1909f56bfc062723c751e8b465ee728b)  -> (artifact id: 'a5b71d77628b2c9beefc333d0b653779') in 0.011272 seconds 
========================================================================
Received Import Request.
  Time since last request: 0.691235 seconds.
  path: Assets/3D Assets/RocketBox/New/Business_Male_04
  artifactKey: Guid(b5fdda2c4d6a548478a4c0f6475585e6) Importer(815301076,1909f56bfc062723c751e8b465ee728b)
Start importing Assets/3D Assets/RocketBox/New/Business_Male_04 using Guid(b5fdda2c4d6a548478a4c0f6475585e6) Importer(815301076,1909f56bfc062723c751e8b465ee728b)  -> (artifact id: 'b4bdf0b013542fade7fdd5065e0f1563') in 0.009793 seconds 
========================================================================
Received Import Request.
  Time since last request: 0.882281 seconds.
  path: Assets/3D Assets/RocketBox/New/Business_Male_04/Textures
  artifactKey: Guid(e20cde0c5eef661469695b35eefdd1af) Importer(815301076,1909f56bfc062723c751e8b465ee728b)
Start importing Assets/3D Assets/RocketBox/New/Business_Male_04/Textures using Guid(e20cde0c5eef661469695b35eefdd1af) Importer(815301076,1909f56bfc062723c751e8b465ee728b)  -> (artifact id: '2d9a1b808f00336d2bdcff4af8f4ca10') in 0.011448 seconds 
========================================================================
Received Import Request.
  Time since last request: 8.209467 seconds.
  path: Assets/3D Assets/RocketBox/New/Business_Male_04/Export
  artifactKey: Guid(f795052929669a14f86957a9dd03cdea) Importer(815301076,1909f56bfc062723c751e8b465ee728b)
Start importing Assets/3D Assets/RocketBox/New/Business_Male_04/Export using Guid(f795052929669a14f86957a9dd03cdea) Importer(815301076,1909f56bfc062723c751e8b465ee728b)  -> (artifact id: 'b34a0368a55cdd42987c6538d710e428') in 0.010947 seconds 
========================================================================
Received Prepare
Registering precompiled user dll's ...
Registered in 0.004061 seconds.
Begin MonoManager ReloadAssembly
Native extension for WindowsStandalone target not found
Native extension for WebGL target not found
Refreshing native plugins compatible for Editor in 0.37 ms, found 2 plugins.
Preloading 0 native plugins for Editor in 0.00 ms.
Mono: successfully reloaded assembly
- Completed reload, in  0.972 seconds
Domain Reload Profiling:
	ReloadAssembly (972ms)
		BeginReloadAssembly (121ms)
			ExecutionOrderSort (0ms)
			DisableScriptedObjects (4ms)
			BackupInstance (0ms)
			ReleaseScriptingObjects (0ms)
			CreateAndSetChildDomain (29ms)
		EndReloadAssembly (776ms)
			LoadAssemblies (103ms)
			RebuildTransferFunctionScriptingTraits (0ms)
			SetupTypeCache (257ms)
			ReleaseScriptCaches (1ms)
			RebuildScriptCaches (40ms)
			SetupLoadedEditorAssemblies (305ms)
				LogAssemblyErrors (0ms)
				InitializePlatformSupportModulesInManaged (6ms)
				SetLoadedEditorAssemblies (0ms)
				RefreshPlugins (0ms)
				BeforeProcessingInitializeOnLoad (83ms)
				ProcessInitializeOnLoadAttributes (191ms)
				ProcessInitializeOnLoadMethodAttributes (13ms)
				AfterProcessingInitializeOnLoad (12ms)
				EditorAssembliesLoaded (0ms)
			ExecutionOrderSort2 (0ms)
			AwakeInstancesAfterBackupRestoration (2ms)
Platform modules already initialized, skipping
Refreshing native plugins compatible for Editor in 0.36 ms, found 2 plugins.
Preloading 0 native plugins for Editor in 0.00 ms.
Unloading 1543 Unused Serialized files (Serialized files now loaded: 0)
System memory in use before: 180.7 MB.
System memory in use after: 180.8 MB.

Unloading 12 unused Assets to reduce memory usage. Loaded Objects now: 2090.
Total: 2.632900 ms (FindLiveObjects: 0.152100 ms CreateObjectMapping: 0.056500 ms MarkObjects: 2.313200 ms  DeleteObjects: 0.110400 ms)

AssetImportParameters requested are different than current active one (requested -> active):
  custom:framework-win-MediaFoundation: 216162199b28c13a410421893ffa2e32 -> 
  custom:video-decoder-ogg-theora: a1e56fd34408186e4bbccfd4996cb3dc -> 
  custom:container-muxer-webm: aa71ff27fc2769a1b78a27578f13a17b -> 
  custom:container-demuxer-webm: 4f35f7cbe854078d1ac9338744f61a02 -> 
  custom:container-demuxer-ogg: 62fdf1f143b41e24485cea50d1cbac27 -> 
  custom:video-encoder-webm-vp8: eb34c28f22e8b96e1ab97ce403110664 -> 
  custom:video-codec-MediaFoundation-h265: 746d11721c4dcdbdad8f713fa42b33f4 -> 
  custom:video-decoder-webm-vp8: 9c59270c3fd7afecdb556c50c9e8de78 -> 
  custom:audio-decoder-ogg-vorbis: bf7c407c2cedff20999df2af8eb42d56 -> 
  custom:audio-encoder-webm-vorbis: bf7c407c2cedff20999df2af8eb42d56 -> 
========================================================================
Received Prepare
Registering precompiled user dll's ...
Registered in 0.005066 seconds.
Begin MonoManager ReloadAssembly
Native extension for WindowsStandalone target not found
Native extension for WebGL target not found
Refreshing native plugins compatible for Editor in 0.39 ms, found 2 plugins.
Preloading 0 native plugins for Editor in 0.00 ms.
Mono: successfully reloaded assembly
- Completed reload, in  1.034 seconds
Domain Reload Profiling:
	ReloadAssembly (1035ms)
		BeginReloadAssembly (127ms)
			ExecutionOrderSort (0ms)
			DisableScriptedObjects (5ms)
			BackupInstance (0ms)
			ReleaseScriptingObjects (0ms)
			CreateAndSetChildDomain (30ms)
		EndReloadAssembly (839ms)
			LoadAssemblies (110ms)
			RebuildTransferFunctionScriptingTraits (0ms)
			SetupTypeCache (285ms)
			ReleaseScriptCaches (1ms)
			RebuildScriptCaches (40ms)
			SetupLoadedEditorAssemblies (334ms)
				LogAssemblyErrors (0ms)
				InitializePlatformSupportModulesInManaged (6ms)
				SetLoadedEditorAssemblies (1ms)
				RefreshPlugins (0ms)
				BeforeProcessingInitializeOnLoad (84ms)
				ProcessInitializeOnLoadAttributes (215ms)
				ProcessInitializeOnLoadMethodAttributes (13ms)
				AfterProcessingInitializeOnLoad (13ms)
				EditorAssembliesLoaded (0ms)
			ExecutionOrderSort2 (0ms)
			AwakeInstancesAfterBackupRestoration (2ms)
Platform modules already initialized, skipping
Refreshing native plugins compatible for Editor in 0.42 ms, found 2 plugins.
Preloading 0 native plugins for Editor in 0.00 ms.
Unloading 1543 Unused Serialized files (Serialized files now loaded: 0)
System memory in use before: 180.7 MB.
System memory in use after: 180.8 MB.

Unloading 12 unused Assets to reduce memory usage. Loaded Objects now: 2093.
Total: 4.757700 ms (FindLiveObjects: 0.207200 ms CreateObjectMapping: 0.106000 ms MarkObjects: 4.346700 ms  DeleteObjects: 0.096200 ms)

AssetImportParameters requested are different than current active one (requested -> active):
  custom:framework-win-MediaFoundation: 216162199b28c13a410421893ffa2e32 -> 
  custom:video-decoder-ogg-theora: a1e56fd34408186e4bbccfd4996cb3dc -> 
  custom:container-muxer-webm: aa71ff27fc2769a1b78a27578f13a17b -> 
  custom:container-demuxer-webm: 4f35f7cbe854078d1ac9338744f61a02 -> 
  custom:container-demuxer-ogg: 62fdf1f143b41e24485cea50d1cbac27 -> 
  custom:video-encoder-webm-vp8: eb34c28f22e8b96e1ab97ce403110664 -> 
  custom:video-codec-MediaFoundation-h265: 746d11721c4dcdbdad8f713fa42b33f4 -> 
  custom:video-decoder-webm-vp8: 9c59270c3fd7afecdb556c50c9e8de78 -> 
  custom:audio-decoder-ogg-vorbis: bf7c407c2cedff20999df2af8eb42d56 -> 
  custom:audio-encoder-webm-vorbis: bf7c407c2cedff20999df2af8eb42d56 -> 
AssetImportWorkerClient::OnTransportError - code=2 error=End of file
